{"/Users/menzhongxin/nodespace/smart-middleware-express/index.js":{"path":"/Users/menzhongxin/nodespace/smart-middleware-express/index.js","s":{"1":1,"2":1},"b":{},"f":{},"fnMap":{},"statementMap":{"1":{"start":{"line":5,"column":0},"end":{"line":5,"column":44}},"2":{"start":{"line":6,"column":0},"end":{"line":6,"column":36}}},"branchMap":{}},"/Users/menzhongxin/nodespace/smart-middleware-express/lib/generator.js":{"path":"/Users/menzhongxin/nodespace/smart-middleware-express/lib/generator.js","s":{"1":1,"2":1,"3":1,"4":1,"5":1,"6":1,"7":1,"8":6,"9":6,"10":1,"11":6,"12":6,"13":6,"14":6,"15":6,"16":6,"17":12,"18":9,"19":3,"20":6,"21":6,"22":6,"23":3,"24":6,"25":6,"26":1,"27":3,"28":3},"b":{"1":[6,0],"2":[6,6],"3":[9,3],"4":[3,6],"5":[6,0],"6":[6,6]},"f":{},"fnMap":{},"statementMap":{"1":{"start":{"line":5,"column":0},"end":{"line":5,"column":28}},"2":{"start":{"line":6,"column":0},"end":{"line":6,"column":27}},"3":{"start":{"line":7,"column":0},"end":{"line":7,"column":32}},"4":{"start":{"line":8,"column":0},"end":{"line":8,"column":32}},"5":{"start":{"line":9,"column":0},"end":{"line":9,"column":50}},"6":{"start":{"line":10,"column":0},"end":{"line":10,"column":11}},"7":{"start":{"line":12,"column":0},"end":{"line":15,"column":1}},"8":{"start":{"line":13,"column":4},"end":{"line":13,"column":30}},"9":{"start":{"line":14,"column":4},"end":{"line":14,"column":16}},"10":{"start":{"line":17,"column":0},"end":{"line":39,"column":1}},"11":{"start":{"line":18,"column":4},"end":{"line":18,"column":17}},"12":{"start":{"line":19,"column":4},"end":{"line":19,"column":16}},"13":{"start":{"line":20,"column":4},"end":{"line":20,"column":36}},"14":{"start":{"line":21,"column":4},"end":{"line":21,"column":43}},"15":{"start":{"line":22,"column":4},"end":{"line":38,"column":6}},"16":{"start":{"line":23,"column":8},"end":{"line":31,"column":10}},"17":{"start":{"line":24,"column":12},"end":{"line":30,"column":13}},"18":{"start":{"line":25,"column":16},"end":{"line":29,"column":17}},"19":{"start":{"line":26,"column":20},"end":{"line":26,"column":44}},"20":{"start":{"line":27,"column":22},"end":{"line":29,"column":17}},"21":{"start":{"line":28,"column":20},"end":{"line":28,"column":45}},"22":{"start":{"line":32,"column":8},"end":{"line":34,"column":10}},"23":{"start":{"line":33,"column":12},"end":{"line":33,"column":28}},"24":{"start":{"line":35,"column":8},"end":{"line":37,"column":10}},"25":{"start":{"line":36,"column":12},"end":{"line":36,"column":23}},"26":{"start":{"line":41,"column":0},"end":{"line":44,"column":1}},"27":{"start":{"line":42,"column":4},"end":{"line":42,"column":22}},"28":{"start":{"line":43,"column":4},"end":{"line":43,"column":23}}},"branchMap":{"1":{"line":20,"type":"binary-expr","locations":[{"start":{"line":20,"column":17},"end":{"line":20,"column":31}},{"start":{"line":20,"column":34},"end":{"line":20,"column":36}}]},"2":{"line":21,"type":"binary-expr","locations":[{"start":{"line":21,"column":17},"end":{"line":21,"column":31}},{"start":{"line":21,"column":34},"end":{"line":21,"column":43}}]},"3":{"line":24,"type":"if","locations":[{"start":{"line":24,"column":12},"end":{"line":24,"column":12}},{"start":{"line":24,"column":12},"end":{"line":24,"column":12}}]},"4":{"line":25,"type":"if","locations":[{"start":{"line":25,"column":16},"end":{"line":25,"column":16}},{"start":{"line":25,"column":16},"end":{"line":25,"column":16}}]},"5":{"line":27,"type":"if","locations":[{"start":{"line":27,"column":22},"end":{"line":27,"column":22}},{"start":{"line":27,"column":22},"end":{"line":27,"column":22}}]},"6":{"line":27,"type":"binary-expr","locations":[{"start":{"line":27,"column":25},"end":{"line":27,"column":37}},{"start":{"line":27,"column":41},"end":{"line":27,"column":61}}]}}},"/Users/menzhongxin/nodespace/smart-middleware-express/lib/utils.js":{"path":"/Users/menzhongxin/nodespace/smart-middleware-express/lib/utils.js","s":{"1":1,"2":1,"3":1,"4":23,"5":1,"6":19,"7":19,"8":1,"9":2,"10":1,"11":8,"12":1,"13":7,"14":7,"15":0,"16":7},"b":{"1":[19,10],"2":[19,19],"3":[2,2],"4":[1,7],"5":[0,7]},"f":{},"fnMap":{},"statementMap":{"1":{"start":{"line":6,"column":0},"end":{"line":6,"column":22}},"2":{"start":{"line":7,"column":0},"end":{"line":7,"column":26}},"3":{"start":{"line":9,"column":0},"end":{"line":11,"column":1}},"4":{"start":{"line":10,"column":4},"end":{"line":10,"column":30}},"5":{"start":{"line":13,"column":0},"end":{"line":16,"column":1}},"6":{"start":{"line":14,"column":4},"end":{"line":14,"column":23}},"7":{"start":{"line":15,"column":4},"end":{"line":15,"column":88}},"8":{"start":{"line":18,"column":0},"end":{"line":20,"column":1}},"9":{"start":{"line":19,"column":4},"end":{"line":19,"column":53}},"10":{"start":{"line":22,"column":0},"end":{"line":34,"column":1}},"11":{"start":{"line":23,"column":4},"end":{"line":33,"column":5}},"12":{"start":{"line":24,"column":8},"end":{"line":24,"column":14}},"13":{"start":{"line":26,"column":8},"end":{"line":32,"column":10}},"14":{"start":{"line":27,"column":12},"end":{"line":31,"column":13}},"15":{"start":{"line":28,"column":16},"end":{"line":28,"column":25}},"16":{"start":{"line":30,"column":16},"end":{"line":30,"column":22}}},"branchMap":{"1":{"line":14,"type":"binary-expr","locations":[{"start":{"line":14,"column":13},"end":{"line":14,"column":19}},{"start":{"line":14,"column":21},"end":{"line":14,"column":23}}]},"2":{"line":15,"type":"binary-expr","locations":[{"start":{"line":15,"column":11},"end":{"line":15,"column":38}},{"start":{"line":15,"column":42},"end":{"line":15,"column":88}}]},"3":{"line":19,"type":"binary-expr","locations":[{"start":{"line":19,"column":11},"end":{"line":19,"column":23}},{"start":{"line":19,"column":27},"end":{"line":19,"column":53}}]},"4":{"line":23,"type":"if","locations":[{"start":{"line":23,"column":4},"end":{"line":23,"column":4}},{"start":{"line":23,"column":4},"end":{"line":23,"column":4}}]},"5":{"line":27,"type":"if","locations":[{"start":{"line":27,"column":12},"end":{"line":27,"column":12}},{"start":{"line":27,"column":12},"end":{"line":27,"column":12}}]}}},"/Users/menzhongxin/nodespace/smart-middleware-express/lib/router.js":{"path":"/Users/menzhongxin/nodespace/smart-middleware-express/lib/router.js","s":{"1":1,"2":1,"3":1,"4":1,"5":1,"6":15,"7":15,"8":15,"9":30,"10":1,"11":15,"12":15,"13":15,"14":30,"15":1,"16":24,"17":12,"18":12,"19":1,"20":12,"21":12,"22":12,"23":12,"24":12,"25":12,"26":12,"27":24,"28":24,"29":24,"30":24,"31":24,"32":24,"33":15,"34":15,"35":15,"36":12,"37":1,"38":3,"39":12,"40":12},"b":{"1":[15,0],"2":[15,0],"3":[12,12],"4":[12,0],"5":[24,0],"6":[24,0],"7":[15,9]},"f":{"1":1,"2":12},"fnMap":{"1":{"name":"(anonymous_1)","line":7,"loc":{"start":{"line":7,"column":13},"end":{"line":7,"column":23}}},"2":{"name":"(anonymous_2)","line":56,"loc":{"start":{"line":56,"column":30},"end":{"line":56,"column":41}}}},"statementMap":{"1":{"start":{"line":5,"column":0},"end":{"line":5,"column":27}},"2":{"start":{"line":6,"column":0},"end":{"line":6,"column":46}},"3":{"start":{"line":7,"column":0},"end":{"line":7,"column":25}},"4":{"start":{"line":8,"column":0},"end":{"line":8,"column":29}},"5":{"start":{"line":10,"column":0},"end":{"line":16,"column":1}},"6":{"start":{"line":11,"column":4},"end":{"line":11,"column":47}},"7":{"start":{"line":12,"column":4},"end":{"line":12,"column":13}},"8":{"start":{"line":13,"column":4},"end":{"line":15,"column":6}},"9":{"start":{"line":14,"column":8},"end":{"line":14,"column":31}},"10":{"start":{"line":17,"column":0},"end":{"line":23,"column":1}},"11":{"start":{"line":18,"column":4},"end":{"line":18,"column":44}},"12":{"start":{"line":19,"column":4},"end":{"line":19,"column":13}},"13":{"start":{"line":20,"column":4},"end":{"line":22,"column":6}},"14":{"start":{"line":21,"column":8},"end":{"line":21,"column":45}},"15":{"start":{"line":25,"column":0},"end":{"line":30,"column":1}},"16":{"start":{"line":26,"column":4},"end":{"line":29,"column":27}},"17":{"start":{"line":27,"column":8},"end":{"line":27,"column":59}},"18":{"start":{"line":29,"column":8},"end":{"line":29,"column":27}},"19":{"start":{"line":32,"column":0},"end":{"line":52,"column":1}},"20":{"start":{"line":33,"column":4},"end":{"line":33,"column":21}},"21":{"start":{"line":34,"column":4},"end":{"line":34,"column":31}},"22":{"start":{"line":35,"column":4},"end":{"line":35,"column":33}},"23":{"start":{"line":36,"column":4},"end":{"line":36,"column":26}},"24":{"start":{"line":37,"column":4},"end":{"line":37,"column":39}},"25":{"start":{"line":38,"column":4},"end":{"line":38,"column":23}},"26":{"start":{"line":39,"column":4},"end":{"line":50,"column":5}},"27":{"start":{"line":40,"column":8},"end":{"line":40,"column":16}},"28":{"start":{"line":41,"column":8},"end":{"line":41,"column":31}},"29":{"start":{"line":42,"column":8},"end":{"line":42,"column":30}},"30":{"start":{"line":43,"column":8},"end":{"line":43,"column":39}},"31":{"start":{"line":44,"column":8},"end":{"line":44,"column":36}},"32":{"start":{"line":45,"column":8},"end":{"line":49,"column":9}},"33":{"start":{"line":46,"column":12},"end":{"line":46,"column":38}},"34":{"start":{"line":47,"column":12},"end":{"line":47,"column":49}},"35":{"start":{"line":48,"column":12},"end":{"line":48,"column":38}},"36":{"start":{"line":51,"column":4},"end":{"line":51,"column":38}},"37":{"start":{"line":54,"column":0},"end":{"line":60,"column":1}},"38":{"start":{"line":55,"column":4},"end":{"line":59,"column":6}},"39":{"start":{"line":56,"column":8},"end":{"line":58,"column":9}},"40":{"start":{"line":57,"column":12},"end":{"line":57,"column":73}}},"branchMap":{"1":{"line":11,"type":"binary-expr","locations":[{"start":{"line":11,"column":4},"end":{"line":11,"column":24}},{"start":{"line":11,"column":29},"end":{"line":11,"column":46}}]},"2":{"line":18,"type":"binary-expr","locations":[{"start":{"line":18,"column":4},"end":{"line":18,"column":23}},{"start":{"line":18,"column":28},"end":{"line":18,"column":43}}]},"3":{"line":26,"type":"if","locations":[{"start":{"line":26,"column":4},"end":{"line":26,"column":4}},{"start":{"line":26,"column":4},"end":{"line":26,"column":4}}]},"4":{"line":35,"type":"binary-expr","locations":[{"start":{"line":35,"column":16},"end":{"line":35,"column":29}},{"start":{"line":35,"column":31},"end":{"line":35,"column":33}}]},"5":{"line":43,"type":"binary-expr","locations":[{"start":{"line":43,"column":17},"end":{"line":43,"column":34}},{"start":{"line":43,"column":37},"end":{"line":43,"column":39}}]},"6":{"line":44,"type":"binary-expr","locations":[{"start":{"line":44,"column":16},"end":{"line":44,"column":32}},{"start":{"line":44,"column":34},"end":{"line":44,"column":36}}]},"7":{"line":45,"type":"if","locations":[{"start":{"line":45,"column":8},"end":{"line":45,"column":8}},{"start":{"line":45,"column":8},"end":{"line":45,"column":8}}]}}}}