TN:
SF:/Users/menzhongxin/nodespace/smart-middleware-express/index.js
FNF:0
FNH:0
DA:5,1
DA:6,1
LF:2
LH:2
BRF:0
BRH:0
end_of_record
TN:
SF:/Users/menzhongxin/nodespace/smart-middleware-express/lib/generator.js
FNF:0
FNH:0
DA:5,1
DA:6,1
DA:7,1
DA:8,1
DA:9,1
DA:10,1
DA:12,1
DA:13,6
DA:14,6
DA:17,1
DA:18,6
DA:19,6
DA:20,6
DA:21,6
DA:22,6
DA:23,6
DA:24,12
DA:25,9
DA:26,3
DA:27,6
DA:28,6
DA:32,6
DA:33,3
DA:35,6
DA:36,6
DA:41,1
DA:42,3
DA:43,3
LF:28
LH:28
BRDA:20,1,0,6
BRDA:20,1,1,0
BRDA:21,2,0,6
BRDA:21,2,1,6
BRDA:24,3,0,9
BRDA:24,3,1,3
BRDA:25,4,0,3
BRDA:25,4,1,6
BRDA:27,5,0,6
BRDA:27,5,1,0
BRDA:27,6,0,6
BRDA:27,6,1,6
BRF:12
BRH:10
end_of_record
TN:
SF:/Users/menzhongxin/nodespace/smart-middleware-express/lib/utils.js
FNF:0
FNH:0
DA:6,1
DA:7,1
DA:9,1
DA:10,24
DA:13,1
DA:14,20
DA:15,20
DA:18,1
DA:19,2
DA:22,1
DA:23,9
DA:24,1
DA:26,8
DA:27,8
DA:28,1
DA:30,7
LF:16
LH:16
BRDA:14,1,0,20
BRDA:14,1,1,11
BRDA:15,2,0,20
BRDA:15,2,1,20
BRDA:19,3,0,2
BRDA:19,3,1,2
BRDA:23,4,0,1
BRDA:23,4,1,8
BRDA:27,5,0,1
BRDA:27,5,1,7
BRF:10
BRH:10
end_of_record
TN:
SF:/Users/menzhongxin/nodespace/smart-middleware-express/lib/router.js
FN:7,(anonymous_1)
FN:56,(anonymous_2)
FNF:2
FNH:2
FNDA:1,(anonymous_1)
FNDA:12,(anonymous_2)
DA:5,1
DA:6,1
DA:7,1
DA:8,1
DA:10,1
DA:11,15
DA:12,15
DA:13,15
DA:14,30
DA:17,1
DA:18,15
DA:19,15
DA:20,15
DA:21,30
DA:25,1
DA:26,24
DA:27,12
DA:29,12
DA:32,1
DA:33,12
DA:34,12
DA:35,12
DA:36,12
DA:37,12
DA:38,12
DA:39,12
DA:40,24
DA:41,24
DA:42,24
DA:43,24
DA:44,24
DA:45,24
DA:46,15
DA:47,15
DA:48,15
DA:51,12
DA:54,1
DA:55,3
DA:56,12
DA:57,12
LF:40
LH:40
BRDA:11,1,0,15
BRDA:11,1,1,0
BRDA:18,2,0,15
BRDA:18,2,1,0
BRDA:26,3,0,12
BRDA:26,3,1,12
BRDA:35,4,0,12
BRDA:35,4,1,0
BRDA:43,5,0,24
BRDA:43,5,1,0
BRDA:44,6,0,24
BRDA:44,6,1,0
BRDA:45,7,0,15
BRDA:45,7,1,9
BRF:14
BRH:9
end_of_record
